2021-01-03 12:36:58,438 CRIT Supervisor is running as root.  Privileges were not dropped because no user is specified in the config file.  If you intend to run as root, you can set user=root in the config file to avoid this message.
2021-01-03 12:36:58,443 INFO supervisord started with pid 1
2021-01-03 12:42:38,257 WARN received SIGTERM indicating exit request
2021-01-03 12:44:10,228 CRIT Supervisor is running as root.  Privileges were not dropped because no user is specified in the config file.  If you intend to run as root, you can set user=root in the config file to avoid this message.
2021-01-03 12:44:10,233 INFO supervisord started with pid 1
2021-01-03 12:47:18,673 WARN received SIGTERM indicating exit request
2021-01-03 12:47:44,164 CRIT Supervisor is running as root.  Privileges were not dropped because no user is specified in the config file.  If you intend to run as root, you can set user=root in the config file to avoid this message.
2021-01-03 12:47:44,170 INFO supervisord started with pid 1
2021-01-03 12:48:35,274 WARN received SIGTERM indicating exit request
2021-01-03 12:49:00,285 CRIT Supervisor is running as root.  Privileges were not dropped because no user is specified in the config file.  If you intend to run as root, you can set user=root in the config file to avoid this message.
2021-01-03 12:49:00,291 INFO supervisord started with pid 1
2021-01-03 12:49:01,294 INFO spawned: 'worker-0' with pid 8
2021-01-03 12:49:01,297 INFO spawned: 'worker-1' with pid 9
2021-01-03 12:49:01,301 INFO spawned: 'worker-2' with pid 10
2021-01-03 12:49:01,308 INFO spawned: 'worker-3' with pid 11
2021-01-03 12:49:01,314 INFO spawned: 'worker-4' with pid 12
2021-01-03 12:49:01,315 INFO exited: worker-0 (exit status 127; not expected)
2021-01-03 12:49:01,331 INFO exited: worker-1 (exit status 127; not expected)
2021-01-03 12:49:01,332 INFO exited: worker-2 (exit status 127; not expected)
2021-01-03 12:49:01,333 INFO exited: worker-3 (exit status 127; not expected)
2021-01-03 12:49:01,334 INFO exited: worker-4 (exit status 127; not expected)
2021-01-03 12:49:02,337 INFO spawned: 'worker-0' with pid 13
2021-01-03 12:49:02,341 INFO spawned: 'worker-1' with pid 14
2021-01-03 12:49:02,344 INFO spawned: 'worker-2' with pid 15
2021-01-03 12:49:02,348 INFO spawned: 'worker-3' with pid 16
2021-01-03 12:49:02,354 INFO spawned: 'worker-4' with pid 17
2021-01-03 12:49:02,360 INFO exited: worker-0 (exit status 127; not expected)
2021-01-03 12:49:02,371 INFO exited: worker-3 (exit status 127; not expected)
2021-01-03 12:49:02,374 INFO exited: worker-2 (exit status 127; not expected)
2021-01-03 12:49:02,376 INFO exited: worker-1 (exit status 127; not expected)
2021-01-03 12:49:02,377 INFO exited: worker-4 (exit status 127; not expected)
2021-01-03 12:49:04,387 INFO spawned: 'worker-0' with pid 18
2021-01-03 12:49:04,394 INFO spawned: 'worker-1' with pid 19
2021-01-03 12:49:04,401 INFO spawned: 'worker-2' with pid 20
2021-01-03 12:49:04,405 INFO spawned: 'worker-3' with pid 21
2021-01-03 12:49:04,413 INFO spawned: 'worker-4' with pid 22
2021-01-03 12:49:04,416 INFO exited: worker-0 (exit status 127; not expected)
2021-01-03 12:49:04,418 INFO exited: worker-1 (exit status 127; not expected)
2021-01-03 12:49:04,419 INFO exited: worker-2 (exit status 127; not expected)
2021-01-03 12:49:04,421 INFO exited: worker-3 (exit status 127; not expected)
2021-01-03 12:49:04,424 INFO exited: worker-4 (exit status 127; not expected)
2021-01-03 12:49:07,438 INFO spawned: 'worker-0' with pid 23
2021-01-03 12:49:07,442 INFO spawned: 'worker-1' with pid 24
2021-01-03 12:49:07,446 INFO spawned: 'worker-2' with pid 25
2021-01-03 12:49:07,453 INFO spawned: 'worker-3' with pid 26
2021-01-03 12:49:07,456 INFO spawned: 'worker-4' with pid 27
2021-01-03 12:49:07,458 INFO exited: worker-0 (exit status 127; not expected)
2021-01-03 12:49:07,459 INFO exited: worker-1 (exit status 127; not expected)
2021-01-03 12:49:07,460 INFO exited: worker-2 (exit status 127; not expected)
2021-01-03 12:49:07,462 INFO gave up: worker-0 entered FATAL state, too many start retries too quickly
2021-01-03 12:49:07,463 INFO gave up: worker-1 entered FATAL state, too many start retries too quickly
2021-01-03 12:49:07,463 INFO gave up: worker-2 entered FATAL state, too many start retries too quickly
2021-01-03 12:49:07,464 INFO exited: worker-3 (exit status 127; not expected)
2021-01-03 12:49:07,467 INFO gave up: worker-3 entered FATAL state, too many start retries too quickly
2021-01-03 12:49:08,471 INFO success: worker-4 entered RUNNING state, process has stayed up for > than 1 seconds (startsecs)
2021-01-03 12:49:08,473 INFO exited: worker-4 (exit status 127; not expected)
2021-01-03 12:49:09,476 INFO spawned: 'worker-4' with pid 28
2021-01-03 12:49:09,484 INFO exited: worker-4 (exit status 127; not expected)
2021-01-03 12:49:10,495 INFO spawned: 'worker-4' with pid 29
2021-01-03 12:49:10,503 INFO exited: worker-4 (exit status 127; not expected)
2021-01-03 12:49:12,509 INFO spawned: 'worker-4' with pid 30
2021-01-03 12:49:12,515 INFO exited: worker-4 (exit status 127; not expected)
2021-01-03 12:49:15,525 INFO spawned: 'worker-4' with pid 31
2021-01-03 12:49:15,530 INFO exited: worker-4 (exit status 127; not expected)
2021-01-03 12:49:16,536 INFO gave up: worker-4 entered FATAL state, too many start retries too quickly
2021-01-03 13:15:34,089 WARN received SIGTERM indicating exit request
2021-01-03 13:16:04,185 CRIT Supervisor is running as root.  Privileges were not dropped because no user is specified in the config file.  If you intend to run as root, you can set user=root in the config file to avoid this message.
2021-01-03 13:16:04,192 INFO supervisord started with pid 1
2021-01-03 13:16:05,195 INFO spawned: 'worker-0' with pid 8
2021-01-03 13:16:05,200 INFO spawned: 'worker-1' with pid 9
2021-01-03 13:16:05,202 INFO spawned: 'worker-2' with pid 10
2021-01-03 13:16:05,205 INFO spawned: 'worker-3' with pid 11
2021-01-03 13:16:05,210 INFO spawned: 'worker-4' with pid 12
2021-01-03 13:16:05,211 INFO exited: worker-0 (exit status 127; not expected)
2021-01-03 13:16:05,212 INFO exited: worker-1 (exit status 127; not expected)
2021-01-03 13:16:05,220 INFO exited: worker-2 (exit status 127; not expected)
2021-01-03 13:16:05,223 INFO exited: worker-3 (exit status 127; not expected)
2021-01-03 13:16:06,232 INFO spawned: 'worker-0' with pid 13
2021-01-03 13:16:06,236 INFO spawned: 'worker-1' with pid 14
2021-01-03 13:16:06,239 INFO spawned: 'worker-2' with pid 15
2021-01-03 13:16:06,242 INFO spawned: 'worker-3' with pid 16
2021-01-03 13:16:06,244 INFO success: worker-4 entered RUNNING state, process has stayed up for > than 1 seconds (startsecs)
2021-01-03 13:16:06,245 INFO exited: worker-4 (exit status 127; not expected)
2021-01-03 13:16:06,246 INFO exited: worker-0 (exit status 127; not expected)
2021-01-03 13:16:06,250 INFO spawned: 'worker-4' with pid 17
2021-01-03 13:16:06,253 INFO exited: worker-3 (exit status 127; not expected)
2021-01-03 13:16:06,255 INFO exited: worker-1 (exit status 127; not expected)
2021-01-03 13:16:06,261 INFO exited: worker-2 (exit status 127; not expected)
2021-01-03 13:16:06,262 INFO exited: worker-4 (exit status 127; not expected)
2021-01-03 13:16:07,270 INFO spawned: 'worker-4' with pid 18
2021-01-03 13:16:07,280 INFO exited: worker-4 (exit status 127; not expected)
2021-01-03 13:16:08,287 INFO spawned: 'worker-0' with pid 19
2021-01-03 13:16:08,291 INFO spawned: 'worker-1' with pid 20
2021-01-03 13:16:08,294 INFO spawned: 'worker-2' with pid 21
2021-01-03 13:16:08,302 INFO spawned: 'worker-3' with pid 22
2021-01-03 13:16:08,304 INFO exited: worker-0 (exit status 127; not expected)
2021-01-03 13:16:08,305 INFO exited: worker-1 (exit status 127; not expected)
2021-01-03 13:16:08,306 INFO exited: worker-2 (exit status 127; not expected)
2021-01-03 13:16:08,311 INFO exited: worker-3 (exit status 127; not expected)
2021-01-03 13:16:09,315 INFO spawned: 'worker-4' with pid 23
2021-01-03 13:16:09,322 INFO exited: worker-4 (exit status 127; not expected)
2021-01-03 13:16:11,328 INFO spawned: 'worker-0' with pid 24
2021-01-03 13:16:11,333 INFO spawned: 'worker-1' with pid 25
2021-01-03 13:16:11,336 INFO spawned: 'worker-2' with pid 26
2021-01-03 13:16:11,340 INFO spawned: 'worker-3' with pid 27
2021-01-03 13:16:11,341 INFO exited: worker-0 (exit status 127; not expected)
2021-01-03 13:16:11,344 INFO gave up: worker-0 entered FATAL state, too many start retries too quickly
2021-01-03 13:16:11,346 INFO exited: worker-2 (exit status 127; not expected)
2021-01-03 13:16:11,348 INFO gave up: worker-2 entered FATAL state, too many start retries too quickly
2021-01-03 13:16:11,349 INFO exited: worker-1 (exit status 127; not expected)
2021-01-03 13:16:11,350 INFO gave up: worker-1 entered FATAL state, too many start retries too quickly
2021-01-03 13:16:11,355 INFO exited: worker-3 (exit status 127; not expected)
2021-01-03 13:16:12,357 INFO gave up: worker-3 entered FATAL state, too many start retries too quickly
2021-01-03 13:16:12,361 INFO spawned: 'worker-4' with pid 28
2021-01-03 13:16:12,369 INFO exited: worker-4 (exit status 127; not expected)
2021-01-03 13:16:13,371 INFO gave up: worker-4 entered FATAL state, too many start retries too quickly
2021-01-03 13:25:12,713 WARN received SIGTERM indicating exit request
2021-01-03 13:26:13,886 CRIT Supervisor is running as root.  Privileges were not dropped because no user is specified in the config file.  If you intend to run as root, you can set user=root in the config file to avoid this message.
2021-01-03 13:26:13,893 INFO supervisord started with pid 1
2021-01-03 13:26:14,896 INFO spawned: 'worker-0' with pid 8
2021-01-03 13:26:14,899 INFO spawned: 'worker-1' with pid 9
2021-01-03 13:26:14,902 INFO spawned: 'worker-2' with pid 10
2021-01-03 13:26:14,905 INFO spawned: 'worker-3' with pid 11
2021-01-03 13:26:14,911 INFO spawned: 'worker-4' with pid 12
2021-01-03 13:26:14,914 INFO exited: worker-1 (exit status 127; not expected)
2021-01-03 13:26:14,916 INFO exited: worker-0 (exit status 127; not expected)
2021-01-03 13:26:14,925 INFO exited: worker-3 (exit status 127; not expected)
2021-01-03 13:26:14,930 INFO exited: worker-2 (exit status 127; not expected)
2021-01-03 13:26:14,931 INFO exited: worker-4 (exit status 127; not expected)
2021-01-03 13:26:15,934 INFO spawned: 'worker-0' with pid 13
2021-01-03 13:26:15,940 INFO spawned: 'worker-1' with pid 14
2021-01-03 13:26:15,943 INFO spawned: 'worker-2' with pid 15
2021-01-03 13:26:15,946 INFO spawned: 'worker-3' with pid 16
2021-01-03 13:26:15,950 INFO spawned: 'worker-4' with pid 17
2021-01-03 13:26:15,952 INFO exited: worker-0 (exit status 127; not expected)
2021-01-03 13:26:15,953 INFO exited: worker-1 (exit status 127; not expected)
2021-01-03 13:26:15,966 INFO exited: worker-2 (exit status 127; not expected)
2021-01-03 13:26:15,967 INFO exited: worker-3 (exit status 127; not expected)
2021-01-03 13:26:16,971 INFO success: worker-4 entered RUNNING state, process has stayed up for > than 1 seconds (startsecs)
2021-01-03 13:26:16,972 INFO exited: worker-4 (exit status 127; not expected)
2021-01-03 13:26:17,979 INFO spawned: 'worker-0' with pid 18
2021-01-03 13:26:17,984 INFO spawned: 'worker-1' with pid 19
2021-01-03 13:26:17,988 INFO spawned: 'worker-2' with pid 20
2021-01-03 13:26:17,992 INFO spawned: 'worker-3' with pid 21
2021-01-03 13:26:17,999 INFO spawned: 'worker-4' with pid 22
2021-01-03 13:26:18,001 INFO exited: worker-0 (exit status 127; not expected)
2021-01-03 13:26:18,003 INFO exited: worker-1 (exit status 127; not expected)
2021-01-03 13:26:18,004 INFO exited: worker-2 (exit status 127; not expected)
2021-01-03 13:26:18,008 INFO exited: worker-3 (exit status 127; not expected)
2021-01-03 13:26:19,014 INFO success: worker-4 entered RUNNING state, process has stayed up for > than 1 seconds (startsecs)
2021-01-03 13:26:19,016 INFO exited: worker-4 (exit status 127; not expected)
2021-01-03 13:26:20,020 INFO spawned: 'worker-4' with pid 23
2021-01-03 13:26:20,026 INFO exited: worker-4 (exit status 127; not expected)
2021-01-03 13:26:21,034 INFO spawned: 'worker-0' with pid 24
2021-01-03 13:26:21,039 INFO spawned: 'worker-1' with pid 25
2021-01-03 13:26:21,042 INFO spawned: 'worker-2' with pid 26
2021-01-03 13:26:21,046 INFO spawned: 'worker-3' with pid 27
2021-01-03 13:26:21,049 INFO spawned: 'worker-4' with pid 28
2021-01-03 13:26:21,054 INFO exited: worker-0 (exit status 127; not expected)
2021-01-03 13:26:21,055 INFO exited: worker-1 (exit status 127; not expected)
2021-01-03 13:26:21,056 INFO exited: worker-2 (exit status 127; not expected)
2021-01-03 13:26:21,060 INFO gave up: worker-0 entered FATAL state, too many start retries too quickly
2021-01-03 13:26:21,060 INFO gave up: worker-1 entered FATAL state, too many start retries too quickly
2021-01-03 13:26:21,061 INFO gave up: worker-2 entered FATAL state, too many start retries too quickly
2021-01-03 13:26:21,062 INFO exited: worker-4 (exit status 127; not expected)
2021-01-03 13:26:21,063 INFO exited: worker-3 (exit status 127; not expected)
2021-01-03 13:26:21,064 INFO gave up: worker-3 entered FATAL state, too many start retries too quickly
2021-01-03 13:26:23,077 INFO spawned: 'worker-4' with pid 29
2021-01-03 13:26:23,084 INFO exited: worker-4 (exit status 127; not expected)
2021-01-03 13:26:26,095 INFO spawned: 'worker-4' with pid 30
2021-01-03 13:26:26,101 INFO exited: worker-4 (exit status 127; not expected)
2021-01-03 13:26:27,103 INFO gave up: worker-4 entered FATAL state, too many start retries too quickly
2021-01-03 13:28:13,356 WARN received SIGTERM indicating exit request
2021-01-03 13:28:42,336 CRIT Supervisor is running as root.  Privileges were not dropped because no user is specified in the config file.  If you intend to run as root, you can set user=root in the config file to avoid this message.
2021-01-03 13:28:42,341 INFO supervisord started with pid 1
2021-01-03 13:28:43,344 INFO spawned: 'worker-0' with pid 8
2021-01-03 13:28:43,349 INFO spawned: 'worker-1' with pid 9
2021-01-03 13:28:43,353 INFO spawned: 'worker-2' with pid 10
2021-01-03 13:28:43,364 INFO spawned: 'worker-3' with pid 11
2021-01-03 13:28:43,382 INFO spawned: 'worker-4' with pid 12
2021-01-03 13:28:44,390 INFO success: worker-0 entered RUNNING state, process has stayed up for > than 1 seconds (startsecs)
2021-01-03 13:28:44,391 INFO success: worker-1 entered RUNNING state, process has stayed up for > than 1 seconds (startsecs)
2021-01-03 13:28:44,392 INFO success: worker-2 entered RUNNING state, process has stayed up for > than 1 seconds (startsecs)
2021-01-03 13:28:44,393 INFO success: worker-3 entered RUNNING state, process has stayed up for > than 1 seconds (startsecs)
2021-01-03 13:28:44,393 INFO success: worker-4 entered RUNNING state, process has stayed up for > than 1 seconds (startsecs)
2021-01-03 13:47:41,115 WARN received SIGTERM indicating exit request
2021-01-03 13:47:41,125 INFO waiting for worker-0, worker-1, worker-2, worker-3, worker-4 to die
2021-01-03 13:47:41,488 INFO stopped: worker-0 (exit status 0)
2021-01-03 13:47:41,490 INFO stopped: worker-3 (exit status 0)
2021-01-03 13:47:41,491 INFO stopped: worker-4 (exit status 0)
2021-01-03 13:47:41,515 INFO stopped: worker-1 (exit status 0)
2021-01-03 13:47:41,517 INFO stopped: worker-2 (exit status 0)
